<?xml version="1.0" encoding="UTF-8"?>
<testng-results ignored="0" total="1" passed="1" failed="0" skipped="0">
  <reporter-output>
  </reporter-output>
  <suite started-at="2022-07-25T15:57:33 IST" name="Default suite" finished-at="2022-07-25T15:57:35 IST" duration-ms="2520">
    <groups>
    </groups>
    <test started-at="2022-07-25T15:57:33 IST" name="Default test" finished-at="2022-07-25T15:57:35 IST" duration-ms="2520">
      <class name="Rest_Assured_Test.Rest_Assured__Delete_Request">
        <test-method signature="deletdata()[pri:0, instance:Rest_Assured_Test.Rest_Assured__Delete_Request@3d6f0054]" started-at="2022-07-25T15:57:33 IST" name="deletdata" finished-at="2022-07-25T15:57:35 IST" duration-ms="2464" status="PASS">
          <reporter-output>
          </reporter-output>
        </test-method> <!-- deletdata -->
      </class> <!-- Rest_Assured_Test.Rest_Assured__Delete_Request -->
    </test> <!-- Default test -->
  </suite> <!-- Default suite -->
</testng-results>
